{"C:\\Users\\Gabriel Ramison\\Desktop\\ATIVIDADES-TOPICOS-DEVOPS\\backend\\app.cjs": {"path":"C:\\Users\\Gabriel Ramison\\Desktop\\ATIVIDADES-TOPICOS-DEVOPS\\backend\\app.cjs","statementMap":{"0":{"start":{"line":1,"column":16},"end":{"line":1,"column":34}},"1":{"start":{"line":2,"column":19},"end":{"line":2,"column":41}},"2":{"start":{"line":3,"column":18},"end":{"line":3,"column":38}},"3":{"start":{"line":4,"column":15},"end":{"line":4,"column":53}},"4":{"start":{"line":5,"column":11},"end":{"line":5,"column":40}},"5":{"start":{"line":7,"column":0},"end":{"line":7,"column":33}},"6":{"start":{"line":8,"column":12},"end":{"line":8,"column":21}},"7":{"start":{"line":9,"column":13},"end":{"line":9,"column":37}},"8":{"start":{"line":11,"column":0},"end":{"line":11,"column":15}},"9":{"start":{"line":13,"column":0},"end":{"line":13,"column":27}},"10":{"start":{"line":15,"column":0},"end":{"line":15,"column":24}},"11":{"start":{"line":17,"column":0},"end":{"line":20,"column":3}},"12":{"start":{"line":18,"column":2},"end":{"line":18,"column":27}},"13":{"start":{"line":19,"column":2},"end":{"line":19,"column":43}},"14":{"start":{"line":23,"column":0},"end":{"line":27,"column":1}},"15":{"start":{"line":24,"column":2},"end":{"line":26,"column":5}},"16":{"start":{"line":25,"column":4},"end":{"line":25,"column":53}},"17":{"start":{"line":32,"column":0},"end":{"line":32,"column":25}}},"fnMap":{"0":{"name":"(anonymous_0)","decl":{"start":{"line":17,"column":8},"end":{"line":17,"column":9}},"loc":{"start":{"line":17,"column":33},"end":{"line":20,"column":1}},"line":17},"1":{"name":"(anonymous_1)","decl":{"start":{"line":24,"column":19},"end":{"line":24,"column":20}},"loc":{"start":{"line":24,"column":25},"end":{"line":26,"column":3}},"line":24}},"branchMap":{"0":{"loc":{"start":{"line":9,"column":13},"end":{"line":9,"column":37}},"type":"binary-expr","locations":[{"start":{"line":9,"column":13},"end":{"line":9,"column":29}},{"start":{"line":9,"column":33},"end":{"line":9,"column":37}}],"line":9},"1":{"loc":{"start":{"line":23,"column":0},"end":{"line":27,"column":1}},"type":"if","locations":[{"start":{"line":23,"column":0},"end":{"line":27,"column":1}},{"start":{},"end":{}}],"line":23}},"s":{"0":1,"1":1,"2":1,"3":1,"4":1,"5":1,"6":1,"7":1,"8":1,"9":1,"10":1,"11":1,"12":0,"13":0,"14":1,"15":0,"16":0,"17":1},"f":{"0":0,"1":0},"b":{"0":[1,1],"1":[0,1]},"inputSourceMap":null,"_coverageSchema":"1a1c01bbd47fc00a2c39e90264f33305004495a9","hash":"37920afe6829096a3909fbb70aa10c9d26c09daa"}
,"C:\\Users\\Gabriel Ramison\\Desktop\\ATIVIDADES-TOPICOS-DEVOPS\\backend\\knexfile.cjs": {"path":"C:\\Users\\Gabriel Ramison\\Desktop\\ATIVIDADES-TOPICOS-DEVOPS\\backend\\knexfile.cjs","statementMap":{"0":{"start":{"line":1,"column":0},"end":{"line":1,"column":49}},"1":{"start":{"line":2,"column":0},"end":{"line":37,"column":2}}},"fnMap":{},"branchMap":{"0":{"loc":{"start":{"line":6,"column":12},"end":{"line":6,"column":46}},"type":"binary-expr","locations":[{"start":{"line":6,"column":12},"end":{"line":6,"column":31}},{"start":{"line":6,"column":35},"end":{"line":6,"column":46}}],"line":6},"1":{"loc":{"start":{"line":7,"column":12},"end":{"line":7,"column":39}},"type":"binary-expr","locations":[{"start":{"line":7,"column":12},"end":{"line":7,"column":31}},{"start":{"line":7,"column":35},"end":{"line":7,"column":39}}],"line":7},"2":{"loc":{"start":{"line":8,"column":12},"end":{"line":8,"column":41}},"type":"binary-expr","locations":[{"start":{"line":8,"column":12},"end":{"line":8,"column":31}},{"start":{"line":8,"column":35},"end":{"line":8,"column":41}}],"line":8},"3":{"loc":{"start":{"line":9,"column":16},"end":{"line":9,"column":53}},"type":"binary-expr","locations":[{"start":{"line":9,"column":16},"end":{"line":9,"column":39}},{"start":{"line":9,"column":43},"end":{"line":9,"column":53}}],"line":9},"4":{"loc":{"start":{"line":10,"column":16},"end":{"line":10,"column":50}},"type":"binary-expr","locations":[{"start":{"line":10,"column":16},"end":{"line":10,"column":35}},{"start":{"line":10,"column":39},"end":{"line":10,"column":50}}],"line":10},"5":{"loc":{"start":{"line":21,"column":12},"end":{"line":21,"column":51}},"type":"binary-expr","locations":[{"start":{"line":21,"column":12},"end":{"line":21,"column":36}},{"start":{"line":21,"column":40},"end":{"line":21,"column":51}}],"line":21},"6":{"loc":{"start":{"line":22,"column":12},"end":{"line":22,"column":44}},"type":"binary-expr","locations":[{"start":{"line":22,"column":12},"end":{"line":22,"column":36}},{"start":{"line":22,"column":40},"end":{"line":22,"column":44}}],"line":22},"7":{"loc":{"start":{"line":23,"column":12},"end":{"line":23,"column":41}},"type":"binary-expr","locations":[{"start":{"line":23,"column":12},"end":{"line":23,"column":31}},{"start":{"line":23,"column":35},"end":{"line":23,"column":41}}],"line":23},"8":{"loc":{"start":{"line":24,"column":16},"end":{"line":24,"column":53}},"type":"binary-expr","locations":[{"start":{"line":24,"column":16},"end":{"line":24,"column":39}},{"start":{"line":24,"column":43},"end":{"line":24,"column":53}}],"line":24},"9":{"loc":{"start":{"line":25,"column":16},"end":{"line":25,"column":60}},"type":"binary-expr","locations":[{"start":{"line":25,"column":16},"end":{"line":25,"column":40}},{"start":{"line":25,"column":44},"end":{"line":25,"column":60}}],"line":25}},"s":{"0":3,"1":3},"f":{},"b":{"0":[3,3],"1":[3,3],"2":[3,3],"3":[3,3],"4":[3,3],"5":[3,3],"6":[3,3],"7":[3,3],"8":[3,3],"9":[3,3]},"inputSourceMap":null,"_coverageSchema":"1a1c01bbd47fc00a2c39e90264f33305004495a9","hash":"d5d4cec7a311f710ecf0e600e95f6624803928bf"}
,"C:\\Users\\Gabriel Ramison\\Desktop\\ATIVIDADES-TOPICOS-DEVOPS\\backend\\migrations\\20240817234715_create_items_table.js": {"path":"C:\\Users\\Gabriel Ramison\\Desktop\\ATIVIDADES-TOPICOS-DEVOPS\\backend\\migrations\\20240817234715_create_items_table.js","statementMap":{"0":{"start":{"line":1,"column":0},"end":{"line":8,"column":4}},"1":{"start":{"line":2,"column":4},"end":{"line":7,"column":7}},"2":{"start":{"line":3,"column":6},"end":{"line":3,"column":29}},"3":{"start":{"line":4,"column":6},"end":{"line":4,"column":46}},"4":{"start":{"line":5,"column":6},"end":{"line":5,"column":32}},"5":{"start":{"line":6,"column":6},"end":{"line":6,"column":61}},"6":{"start":{"line":10,"column":2},"end":{"line":12,"column":4}},"7":{"start":{"line":11,"column":4},"end":{"line":11,"column":42}}},"fnMap":{"0":{"name":"(anonymous_0)","decl":{"start":{"line":1,"column":13},"end":{"line":1,"column":14}},"loc":{"start":{"line":1,"column":28},"end":{"line":8,"column":3}},"line":1},"1":{"name":"(anonymous_1)","decl":{"start":{"line":2,"column":44},"end":{"line":2,"column":45}},"loc":{"start":{"line":2,"column":60},"end":{"line":7,"column":5}},"line":2},"2":{"name":"(anonymous_2)","decl":{"start":{"line":10,"column":17},"end":{"line":10,"column":18}},"loc":{"start":{"line":10,"column":32},"end":{"line":12,"column":3}},"line":10}},"branchMap":{},"s":{"0":2,"1":2,"2":2,"3":2,"4":2,"5":2,"6":2,"7":2},"f":{"0":2,"1":2,"2":2},"b":{},"inputSourceMap":null,"_coverageSchema":"1a1c01bbd47fc00a2c39e90264f33305004495a9","hash":"1f641f34c9e2a53b0b18fab2bd8c580307f7fc61"}
,"C:\\Users\\Gabriel Ramison\\Desktop\\ATIVIDADES-TOPICOS-DEVOPS\\backend\\src\\config\\db.js": {"path":"C:\\Users\\Gabriel Ramison\\Desktop\\ATIVIDADES-TOPICOS-DEVOPS\\backend\\src\\config\\db.js","statementMap":{"0":{"start":{"line":1,"column":13},"end":{"line":1,"column":28}},"1":{"start":{"line":2,"column":17},"end":{"line":2,"column":46}},"2":{"start":{"line":5,"column":20},"end":{"line":5,"column":57}},"3":{"start":{"line":8,"column":15},"end":{"line":8,"column":36}},"4":{"start":{"line":11,"column":11},"end":{"line":11,"column":23}},"5":{"start":{"line":13,"column":0},"end":{"line":13,"column":23}},"6":{"start":{"line":14,"column":0},"end":{"line":14,"column":25}},"7":{"start":{"line":15,"column":0},"end":{"line":15,"column":41}}},"fnMap":{},"branchMap":{"0":{"loc":{"start":{"line":5,"column":20},"end":{"line":5,"column":57}},"type":"binary-expr","locations":[{"start":{"line":5,"column":20},"end":{"line":5,"column":40}},{"start":{"line":5,"column":44},"end":{"line":5,"column":57}}],"line":5}},"s":{"0":3,"1":3,"2":3,"3":3,"4":3,"5":3,"6":3,"7":3},"f":{},"b":{"0":[3,0]},"inputSourceMap":null,"_coverageSchema":"1a1c01bbd47fc00a2c39e90264f33305004495a9","hash":"e7979d34529d58f016438ed1296721133f0866ae"}
,"C:\\Users\\Gabriel Ramison\\Desktop\\ATIVIDADES-TOPICOS-DEVOPS\\backend\\src\\controllers\\item_controller.js": {"path":"C:\\Users\\Gabriel Ramison\\Desktop\\ATIVIDADES-TOPICOS-DEVOPS\\backend\\src\\controllers\\item_controller.js","statementMap":{"0":{"start":{"line":1,"column":15},"end":{"line":1,"column":38}},"1":{"start":{"line":5,"column":4},"end":{"line":10,"column":5}},"2":{"start":{"line":6,"column":22},"end":{"line":6,"column":56}},"3":{"start":{"line":7,"column":6},"end":{"line":7,"column":36}},"4":{"start":{"line":9,"column":6},"end":{"line":9,"column":53}},"5":{"start":{"line":15,"column":19},"end":{"line":15,"column":29}},"6":{"start":{"line":16,"column":4},"end":{"line":21,"column":5}},"7":{"start":{"line":17,"column":22},"end":{"line":17,"column":70}},"8":{"start":{"line":18,"column":6},"end":{"line":18,"column":27}},"9":{"start":{"line":20,"column":6},"end":{"line":20,"column":53}},"10":{"start":{"line":26,"column":34},"end":{"line":26,"column":42}},"11":{"start":{"line":27,"column":4},"end":{"line":32,"column":5}},"12":{"start":{"line":28,"column":19},"end":{"line":28,"column":66}},"13":{"start":{"line":29,"column":6},"end":{"line":29,"column":54}},"14":{"start":{"line":31,"column":6},"end":{"line":31,"column":53}},"15":{"start":{"line":37,"column":19},"end":{"line":37,"column":29}},"16":{"start":{"line":38,"column":34},"end":{"line":38,"column":42}},"17":{"start":{"line":39,"column":4},"end":{"line":44,"column":5}},"18":{"start":{"line":40,"column":6},"end":{"line":40,"column":68}},"19":{"start":{"line":41,"column":6},"end":{"line":41,"column":42}},"20":{"start":{"line":43,"column":6},"end":{"line":43,"column":53}},"21":{"start":{"line":49,"column":19},"end":{"line":49,"column":29}},"22":{"start":{"line":50,"column":4},"end":{"line":55,"column":5}},"23":{"start":{"line":51,"column":6},"end":{"line":51,"column":44}},"24":{"start":{"line":52,"column":6},"end":{"line":52,"column":29}},"25":{"start":{"line":54,"column":6},"end":{"line":54,"column":53}},"26":{"start":{"line":59,"column":0},"end":{"line":59,"column":32}}},"fnMap":{"0":{"name":"(anonymous_0)","decl":{"start":{"line":4,"column":2},"end":{"line":4,"column":3}},"loc":{"start":{"line":4,"column":37},"end":{"line":11,"column":3}},"line":4},"1":{"name":"(anonymous_1)","decl":{"start":{"line":14,"column":2},"end":{"line":14,"column":3}},"loc":{"start":{"line":14,"column":37},"end":{"line":22,"column":3}},"line":14},"2":{"name":"(anonymous_2)","decl":{"start":{"line":25,"column":2},"end":{"line":25,"column":3}},"loc":{"start":{"line":25,"column":36},"end":{"line":33,"column":3}},"line":25},"3":{"name":"(anonymous_3)","decl":{"start":{"line":36,"column":2},"end":{"line":36,"column":3}},"loc":{"start":{"line":36,"column":36},"end":{"line":45,"column":3}},"line":36},"4":{"name":"(anonymous_4)","decl":{"start":{"line":48,"column":2},"end":{"line":48,"column":3}},"loc":{"start":{"line":48,"column":36},"end":{"line":56,"column":3}},"line":48}},"branchMap":{},"s":{"0":2,"1":2,"2":2,"3":2,"4":0,"5":0,"6":0,"7":0,"8":0,"9":0,"10":2,"11":2,"12":2,"13":2,"14":0,"15":0,"16":0,"17":0,"18":0,"19":0,"20":0,"21":0,"22":0,"23":0,"24":0,"25":0,"26":2},"f":{"0":2,"1":0,"2":2,"3":0,"4":0},"b":{},"inputSourceMap":null,"_coverageSchema":"1a1c01bbd47fc00a2c39e90264f33305004495a9","hash":"ac16d4d1405abc6a3c518b9de5d65497da18165a"}
,"C:\\Users\\Gabriel Ramison\\Desktop\\ATIVIDADES-TOPICOS-DEVOPS\\backend\\src\\models\\item.js": {"path":"C:\\Users\\Gabriel Ramison\\Desktop\\ATIVIDADES-TOPICOS-DEVOPS\\backend\\src\\models\\item.js","statementMap":{"0":{"start":{"line":1,"column":18},"end":{"line":1,"column":38}},"1":{"start":{"line":6,"column":4},"end":{"line":6,"column":19}},"2":{"start":{"line":11,"column":4},"end":{"line":22,"column":6}},"3":{"start":{"line":27,"column":4},"end":{"line":37,"column":6}},"4":{"start":{"line":41,"column":0},"end":{"line":41,"column":27}}},"fnMap":{"0":{"name":"(anonymous_0)","decl":{"start":{"line":5,"column":2},"end":{"line":5,"column":3}},"loc":{"start":{"line":5,"column":25},"end":{"line":7,"column":3}},"line":5},"1":{"name":"(anonymous_1)","decl":{"start":{"line":10,"column":2},"end":{"line":10,"column":3}},"loc":{"start":{"line":10,"column":26},"end":{"line":23,"column":3}},"line":10},"2":{"name":"(anonymous_2)","decl":{"start":{"line":26,"column":2},"end":{"line":26,"column":3}},"loc":{"start":{"line":26,"column":32},"end":{"line":38,"column":3}},"line":26}},"branchMap":{},"s":{"0":2,"1":5,"2":1,"3":1,"4":2},"f":{"0":5,"1":1,"2":1},"b":{},"inputSourceMap":null,"_coverageSchema":"1a1c01bbd47fc00a2c39e90264f33305004495a9","hash":"a42822ba54292546712416c1ecd3cc38868653cc"}
,"C:\\Users\\Gabriel Ramison\\Desktop\\ATIVIDADES-TOPICOS-DEVOPS\\backend\\src\\routes\\item_routes.js": {"path":"C:\\Users\\Gabriel Ramison\\Desktop\\ATIVIDADES-TOPICOS-DEVOPS\\backend\\src\\routes\\item_routes.js","statementMap":{"0":{"start":{"line":1,"column":16},"end":{"line":1,"column":35}},"1":{"start":{"line":2,"column":26},"end":{"line":2,"column":71}},"2":{"start":{"line":3,"column":15},"end":{"line":3,"column":31}},"3":{"start":{"line":6,"column":0},"end":{"line":6,"column":49}},"4":{"start":{"line":7,"column":0},"end":{"line":7,"column":53}},"5":{"start":{"line":8,"column":0},"end":{"line":8,"column":49}},"6":{"start":{"line":9,"column":0},"end":{"line":9,"column":52}},"7":{"start":{"line":10,"column":0},"end":{"line":10,"column":55}},"8":{"start":{"line":12,"column":0},"end":{"line":12,"column":24}}},"fnMap":{},"branchMap":{},"s":{"0":1,"1":1,"2":1,"3":1,"4":1,"5":1,"6":1,"7":1,"8":1},"f":{},"b":{},"inputSourceMap":null,"_coverageSchema":"1a1c01bbd47fc00a2c39e90264f33305004495a9","hash":"0502df9b51db8ed4cc1eb492c0c0edb1000f0ac4"}
}
